|SourceProjectName:Help.hpr
|DestinationProjectName:help.htm
whutils.js
whver.js
whmozemu.js
wf_startpage.js
whtopic.js
whskin_tw.htm
wf_frames.js
wf_master.js
wf_dispatcher.js
wf_dispatcher.vbs
wf_startfs.htm
wf_bottom.htm
wf_contentfs.htm
wf_comm.htm
wf_hiddenfs.htm
wf_flashinstall.htm
wf_flashupgrade.htm
wf_related.htm
wf_checkflash.htm
wf_toolbar.htm
wf_navbar.htm
wf_navframe.htm
wf_navpane.htm
wf_master.htm
wf_skin.htm
wf_poweredby.htm
wfres.xml
wf_njs.htm
wf_pickup.htm
wf_blank.htm
wf_master.swf
wf_toolbar.swf
wf_navbar.swf
wf_navpane.swf
wf_skin.swf
wf_param_passer.swf
wf_poweredby.swf
wf_detectflash.swf
wf_waitv6.swf
flashhelp_components.swf
flashhelp_tooltip_component.swf
wf_related.swf
wf_toc.swf
wf_tocui.swf
wf_tocxml.swf
wf_index.swf
wf_indexui.swf
wf_indexxml.swf
wf_glossary.swf
wf_glossaryui.swf
wf_glossaryxml.swf
wf_search.swf
wf_searchui.swf
wf_searchxml.swf
wf_system_stock_aboutbox.swf
wf_system_stock_poweredby.swf
wf_flash_get.gif
wf_favicon.ico
wf_topics.css
whproj.xml
whxdata\whtoc.xml
whxdata\whidx.xml
whxdata\whfts.xml
whxdata\whglo.xml
whgdata\whnvp30.htm
whgdata\whnvp31.htm
whgdata\whnvp32.htm
whgdata\whnvp33.htm
whgdata\whnvt30.htm
whgdata\whnvt31.htm
whgdata\whnvt32.htm
whgdata\whnvt33.htm
whgdata\whnvf30.htm
whgdata\whnvf31.htm
whgdata\whnvf32.htm
whgdata\whnvf33.htm
whgdata\whnvl31.htm
whgdata\whnvl32.htm
whgdata\whnvl33.htm
whgdata\whexpbar.gif
cshdat_webhelp.htm
whcsh_home.htm
whcshdata.htm
wht_tab0.gif
wht_tab1.gif
wht_tab2.gif
wht_tab3.gif
wht_tab4.gif
wht_tab5.gif
wht_tab6.gif
wht_tab7.gif
wht_tab8.gif
wht_toc1.gif
wht_toc2.gif
wht_toc3.gif
wht_toc4.gif
slate.fhs
skin_background_tb.swf
skin_button_tb_toc.swf
skin_button_tb_index.swf
skin_button_tb_search.swf
skin_button_tb_glossary.swf
skin_button_tb_print.swf
skin_textfield.swf
skin_button_tb_poweredby.swf
skin_aboutbox.swf
skin_background_nav.swf
skin_button_nav_previous.swf
skin_button_nav_next.swf
skin_button_nav_sync.swf
skin_button_nav_close.swf
skin_background_navpane.swf
skin_textnode.swf
skin_toc.swf
skin_index.swf
skin_search.swf
skin_glossary.swf
skin_scrollbar.swf
wht_toc4_1.gif
wht_toc1_1.gif
wht_toc2_1.gif
wht_toc3_1.gif
cws_pnbtn2_1.gif
cws_pnbtn3_1.gif
help_hha.hhk
help.hhc
help.hhk
about.htm
accessing_the_fusionreactor_administrator_program.htm
all_threads.htm
change_password.htm
compression_settings.htm
cp_exclusions.htm
crash_protection_log.htm
crash_protection_settings.htm
creating_a_regular_expression_exclusion.htm
creating_a_regular_expression_filter.htm
current_cpu_graph.htm
current_memory_graph.htm
enabling_and_disabling_fusionreactor.htm
enterprise_console.htm
enterprise_settings.htm
exclude_mime_types.htm
exclude_urls.htm
filter_restrictions.htm
filter_settings.htm
fr_restrictions.htm
fusionreactor_settings.htm
help_1.htm
importing_and_graphing_data_in_excel.htm
installation_guide.htm
instance_manager.htm
jdbc_activity_graph.htm
jdbc_filter.htm
jdbc_log.htm
jdbc_settings.htm
jdbc_time_graph.htm
log_file.htm
logout.htm
longest_jdbc.htm
longest_running_requests.htm
manage_groups.htm
manage_machines.htm
managing_users.htm
memory_log.htm
memory_sampling_settings.htm
metrics_settings.htm
page_metrics.htm
request_activity_graph.htm
request_capture.htm
request_log.htm
request_settings.htm
request_time_graph.htm
search_and_replace_filters.htm
show_request_history.htm
show_running_requests.htm
slow_request.htm
stack_traces.htm
system_requirements.htm
the_request_detail_page.htm
types_of_user.htm
uploading_your_fusionereactor_license_file.htm
using_scripts.htm
web.xml_file_modifications.htm
welcome_to_fusionreactor.htm
ehelp.xml
robohhre.lng
help.glo
default.css
ehlpdhtm.js
help.ppf
default_ns.css
whxdata\whtdata0.xml
whxdata\whftdata0.xml
whxdata\whfwdata0.xml
whgdata\whlstt0.htm
whgdata\whlstt1.htm
whgdata\whlstt2.htm
whgdata\whlstt3.htm
whgdata\whlstt4.htm
whgdata\whlstt5.htm
whgdata\whlstt6.htm
whgdata\whlstt7.htm
whgdata\whlstt8.htm
whgdata\whlstt9.htm
whgdata\whlstt10.htm
whgdata\whlstt11.htm
whgdata\whlstt12.htm
whgdata\whlstt13.htm
whgdata\whlstt14.htm
whgdata\whlstt15.htm
whgdata\whlstt16.htm
whgdata\whlsti0.htm
whgdata\whlstfl0.htm
whgdata\whlstfl1.htm
whgdata\whlstfl2.htm
whgdata\whlstfl3.htm
whgdata\whlstfl4.htm
whgdata\whlstfl5.htm
whgdata\whlstfl6.htm
whgdata\whlstfl7.htm
whgdata\whlstfl8.htm
whgdata\whlstfl9.htm
whgdata\whlstfl10.htm
whgdata\whlstfl11.htm
whgdata\whlstfl12.htm
whgdata\whlstfl13.htm
whgdata\whlstfl14.htm
whgdata\whlstfl15.htm
whgdata\whlstfl16.htm
whgdata\whlstfl17.htm
whgdata\whlstfl18.htm
whgdata\whlstfl19.htm
whgdata\whlstfl20.htm
whgdata\whlstfl21.htm
whgdata\whlstfl22.htm
whgdata\whlstfl23.htm
whgdata\whlstfl24.htm
whgdata\whlstfl25.htm
whgdata\whlstfl26.htm
whgdata\whlstf0.htm
whgdata\whlstf1.htm
whgdata\whlstf2.htm
whgdata\whlstf3.htm
whgdata\whlstf4.htm
whgdata\whlstf5.htm
whgdata\whlstf6.htm
whgdata\whlstf7.htm
whgdata\whlstf8.htm
whgdata\whlstf9.htm
whgdata\whlstf10.htm
whgdata\whlstf11.htm
whgdata\whlstf12.htm
whgdata\whlstf13.htm
whgdata\whlstf14.htm
whgdata\whlstf15.htm
whgdata\whlstf16.htm
whgdata\whlstf17.htm
whgdata\whlstg0.htm
help.htm
help_csh.htm
